This is pdfTeX, Version 3.14159265-2.6-1.40.20 (MiKTeX 2.9.7050 64-bit) (preloaded format=pdflatex 2019.7.26)  14 NOV 2020 11:47
entering extended mode
**./Buell-PHYS799-ThesisDraft0.tex
(Buell-PHYS799-ThesisDraft0.tex
LaTeX2e <2018-12-01>
("C:\Users\Landon\AppData\Local\Programs\MiKTeX 2.9\tex/latex/base\article.cls"
Document Class: article 2018/09/03 v1.4i Standard LaTeX document class
("C:\Users\Landon\AppData\Local\Programs\MiKTeX 2.9\tex/latex/base\size12.clo"
File: size12.clo 2018/09/03 v1.4i Standard LaTeX file (size option)
)
\c@part=\count80
\c@section=\count81
\c@subsection=\count82
\c@subsubsection=\count83
\c@paragraph=\count84
\c@subparagraph=\count85
\c@figure=\count86
\c@table=\count87
\abovecaptionskip=\skip41
\belowcaptionskip=\skip42
\bibindent=\dimen102
)
("C:\Users\Landon\AppData\Local\Programs\MiKTeX 2.9\tex/latex/amsmath\amsmath.s
ty"
Package: amsmath 2018/12/01 v2.17b AMS math features
\@mathmargin=\skip43

For additional information on amsmath, use the `?' option.

("C:\Users\Landon\AppData\Local\Programs\MiKTeX 2.9\tex/latex/amsmath\amstext.s
ty"
Package: amstext 2000/06/29 v2.01 AMS text

("C:\Users\Landon\AppData\Local\Programs\MiKTeX 2.9\tex/latex/amsmath\amsgen.st
y"
File: amsgen.sty 1999/11/30 v2.0 generic functions
\@emptytoks=\toks14
\ex@=\dimen103
))
("C:\Users\Landon\AppData\Local\Programs\MiKTeX 2.9\tex/latex/amsmath\amsbsy.st
y"
Package: amsbsy 1999/11/29 v1.2d Bold Symbols
\pmbraise@=\dimen104
)
("C:\Users\Landon\AppData\Local\Programs\MiKTeX 2.9\tex/latex/amsmath\amsopn.st
y"
Package: amsopn 2016/03/08 v2.02 operator names
)
\inf@bad=\count88
LaTeX Info: Redefining \frac on input line 223.
\uproot@=\count89
\leftroot@=\count90
LaTeX Info: Redefining \overline on input line 385.
\classnum@=\count91
\DOTSCASE@=\count92
LaTeX Info: Redefining \ldots on input line 482.
LaTeX Info: Redefining \dots on input line 485.
LaTeX Info: Redefining \cdots on input line 606.
\Mathstrutbox@=\box27
\strutbox@=\box28
\big@size=\dimen105
LaTeX Font Info:    Redeclaring font encoding OML on input line 729.
LaTeX Font Info:    Redeclaring font encoding OMS on input line 730.
\macc@depth=\count93
\c@MaxMatrixCols=\count94
\dotsspace@=\muskip10
\c@parentequation=\count95
\dspbrk@lvl=\count96
\tag@help=\toks15
\row@=\count97
\column@=\count98
\maxfields@=\count99
\andhelp@=\toks16
\eqnshift@=\dimen106
\alignsep@=\dimen107
\tagshift@=\dimen108
\tagwidth@=\dimen109
\totwidth@=\dimen110
\lineht@=\dimen111
\@envbody=\toks17
\multlinegap=\skip44
\multlinetaggap=\skip45
\mathdisplay@stack=\toks18
LaTeX Info: Redefining \[ on input line 2844.
LaTeX Info: Redefining \] on input line 2845.
)
("C:\Users\Landon\AppData\Local\Programs\MiKTeX 2.9\tex/latex/amsfonts\amssymb.
sty"
Package: amssymb 2013/01/14 v3.01 AMS font symbols

("C:\Users\Landon\AppData\Local\Programs\MiKTeX 2.9\tex/latex/amsfonts\amsfonts
.sty"
Package: amsfonts 2013/01/14 v3.01 Basic AMSFonts support
\symAMSa=\mathgroup4
\symAMSb=\mathgroup5
LaTeX Font Info:    Overwriting math alphabet `\mathfrak' in version `bold'
(Font)                  U/euf/m/n --> U/euf/b/n on input line 106.
))
("C:\Users\Landon\AppData\Local\Programs\MiKTeX 2.9\tex/latex/algorithms\algori
thm.sty"
Package: algorithm 2009/08/24 v0.1 Document Style `algorithm' - floating enviro
nment

("C:\Users\Landon\AppData\Local\Programs\MiKTeX 2.9\tex/latex/float\float.sty"
Package: float 2001/11/08 v1.3d Float enhancements (AL)
\c@float@type=\count100
\float@exts=\toks19
\float@box=\box29
\@float@everytoks=\toks20
\@floatcapt=\box30
) ("C:\Users\Landon\AppData\Local\Programs\MiKTeX 2.9\tex/latex/base\ifthen.sty
"
Package: ifthen 2014/09/29 v1.1c Standard LaTeX ifthen package (DPC)
)
\@float@every@algorithm=\toks21
\c@algorithm=\count101
)
("C:\Users\Landon\AppData\Local\Programs\MiKTeX 2.9\tex/latex/algorithms\algori
thmic.sty"
Package: algorithmic 2009/08/24 v0.1 Document Style `algorithmic'

("C:\Users\Landon\AppData\Local\Programs\MiKTeX 2.9\tex/latex/graphics\keyval.s
ty"
Package: keyval 2014/10/28 v1.15 key=value parser (DPC)
\KV@toks@=\toks22
)
\c@ALC@unique=\count102
\c@ALC@line=\count103
\c@ALC@rem=\count104
\c@ALC@depth=\count105
\ALC@tlm=\skip46
\algorithmicindent=\skip47
)
("C:\Users\Landon\AppData\Local\Programs\MiKTeX 2.9\tex/latex/caption\caption.s
ty"
Package: caption 2020/09/02 v3.5a Customizing captions (AR)

("C:\Users\Landon\AppData\Local\Programs\MiKTeX 2.9\tex/latex/caption\caption3.
sty"
Package: caption3 2020/08/30 v2.0 caption3 kernel (AR)
\captionmargin=\dimen112
\captionmargin@=\dimen113
\captionwidth=\dimen114
\caption@tempdima=\dimen115
\caption@indent=\dimen116
\caption@parindent=\dimen117
\caption@hangindent=\dimen118
Package caption Info: Standard document class detected.
)
\c@caption@flags=\count106
\c@continuedfloat=\count107
Package caption Info: float package is loaded.
)
("C:\Users\Landon\AppData\Local\Programs\MiKTeX 2.9\tex/latex/caption\subcaptio
n.sty"
Package: subcaption 2020/08/23 v1.3g Sub-captions (AR)
\c@subfigure=\count108
\c@subtable=\count109
)
("C:\Users\Landon\AppData\Local\Programs\MiKTeX 2.9\tex/latex/graphics\graphicx
.sty"
Package: graphicx 2017/06/01 v1.1a Enhanced LaTeX Graphics (DPC,SPQR)

("C:\Users\Landon\AppData\Local\Programs\MiKTeX 2.9\tex/latex/graphics\graphics
.sty"
Package: graphics 2017/06/25 v1.2c Standard LaTeX Graphics (DPC,SPQR)

("C:\Users\Landon\AppData\Local\Programs\MiKTeX 2.9\tex/latex/graphics\trig.sty
"
Package: trig 2016/01/03 v1.10 sin cos tan (DPC)
)
("C:\Users\Landon\AppData\Local\Programs\MiKTeX 2.9\tex/latex/graphics-cfg\grap
hics.cfg"
File: graphics.cfg 2016/06/04 v1.11 sample graphics configuration
)
Package graphics Info: Driver file: pdftex.def on input line 99.

("C:\Users\Landon\AppData\Local\Programs\MiKTeX 2.9\tex/latex/graphics-def\pdft
ex.def"
File: pdftex.def 2018/01/08 v1.0l Graphics/color driver for pdftex
))
\Gin@req@height=\dimen119
\Gin@req@width=\dimen120
)
("C:\Users\Landon\AppData\Local\Programs\MiKTeX 2.9\tex/latex/xcolor\xcolor.sty
"
Package: xcolor 2016/05/11 v2.12 LaTeX color extensions (UK)

("C:\Users\Landon\AppData\Local\Programs\MiKTeX 2.9\tex/latex/graphics-cfg\colo
r.cfg"
File: color.cfg 2016/01/02 v1.6 sample color configuration
)
Package xcolor Info: Driver file: pdftex.def on input line 225.
Package xcolor Info: Model `cmy' substituted by `cmy0' on input line 1348.
Package xcolor Info: Model `hsb' substituted by `rgb' on input line 1352.
Package xcolor Info: Model `RGB' extended on input line 1364.
Package xcolor Info: Model `HTML' substituted by `rgb' on input line 1366.
Package xcolor Info: Model `Hsb' substituted by `hsb' on input line 1367.
Package xcolor Info: Model `tHsb' substituted by `hsb' on input line 1368.
Package xcolor Info: Model `HSB' substituted by `hsb' on input line 1369.
Package xcolor Info: Model `Gray' substituted by `gray' on input line 1370.
Package xcolor Info: Model `wave' substituted by `hsb' on input line 1371.
)
("C:\Users\Landon\AppData\Local\Programs\MiKTeX 2.9\tex/latex/tools\multicol.st
y"
Package: multicol 2018/12/27 v1.8v multicolumn formatting (FMi)
\c@tracingmulticols=\count110
\mult@box=\box31
\multicol@leftmargin=\dimen121
\c@unbalance=\count111
\c@collectmore=\count112
\doublecol@number=\count113
\multicoltolerance=\count114
\multicolpretolerance=\count115
\full@width=\dimen122
\page@free=\dimen123
\premulticols=\dimen124
\postmulticols=\dimen125
\multicolsep=\skip48
\multicolbaselineskip=\skip49
\partial@page=\box32
\last@line=\box33
\maxbalancingoverflow=\dimen126
\mult@rightbox=\box34
\mult@grightbox=\box35
\mult@gfirstbox=\box36
\mult@firstbox=\box37
\@tempa=\box38
\@tempa=\box39
\@tempa=\box40
\@tempa=\box41
\@tempa=\box42
\@tempa=\box43
\@tempa=\box44
\@tempa=\box45
\@tempa=\box46
\@tempa=\box47
\@tempa=\box48
\@tempa=\box49
\@tempa=\box50
\@tempa=\box51
\@tempa=\box52
\@tempa=\box53
\@tempa=\box54
\c@columnbadness=\count116
\c@finalcolumnbadness=\count117
\last@try=\dimen127
\multicolovershoot=\dimen128
\multicolundershoot=\dimen129
\mult@nat@firstbox=\box55
\colbreak@box=\box56
\mc@col@check@num=\count118
)
("C:\Users\Landon\AppData\Local\Programs\MiKTeX 2.9\tex/latex/geometry\geometry
.sty"
Package: geometry 2018/04/16 v5.8 Page Geometry

("C:\Users\Landon\AppData\Local\Programs\MiKTeX 2.9\tex/generic/oberdiek\ifpdf.
sty"
Package: ifpdf 2018/09/07 v3.3 Provides the ifpdf switch
)
("C:\Users\Landon\AppData\Local\Programs\MiKTeX 2.9\tex/generic/oberdiek\ifvtex
.sty"
Package: ifvtex 2016/05/16 v1.6 Detect VTeX and its facilities (HO)
Package ifvtex Info: VTeX not detected.
)
("C:\Users\Landon\AppData\Local\Programs\MiKTeX 2.9\tex/generic/ifxetex\ifxetex
.sty"
Package: ifxetex 2010/09/12 v0.6 Provides ifxetex conditional
)
\Gm@cnth=\count119
\Gm@cntv=\count120
\c@Gm@tempcnt=\count121
\Gm@bindingoffset=\dimen130
\Gm@wd@mp=\dimen131
\Gm@odd@mp=\dimen132
\Gm@even@mp=\dimen133
\Gm@layoutwidth=\dimen134
\Gm@layoutheight=\dimen135
\Gm@layouthoffset=\dimen136
\Gm@layoutvoffset=\dimen137
\Gm@dimlist=\toks23

("C:\Users\Landon\AppData\Local\Programs\MiKTeX 2.9\tex/latex/geometry\geometry
.cfg"))
("C:\Users\Landon\AppData\Local\Programs\MiKTeX 2.9\tex/latex/fancyhdr\fancyhdr
.sty"
Package: fancyhdr 2019/01/31 v3.10 Extensive control of page headers and footer
s
\f@nch@headwidth=\skip50
\f@nch@O@elh=\skip51
\f@nch@O@erh=\skip52
\f@nch@O@olh=\skip53
\f@nch@O@orh=\skip54
\f@nch@O@elf=\skip55
\f@nch@O@erf=\skip56
\f@nch@O@olf=\skip57
\f@nch@O@orf=\skip58
) (Buell-PHYS799-ThesisDraft0.aux

LaTeX Warning: Label `algFeedForward' multiply defined.

)
\openout1 = `Buell-PHYS799-ThesisDraft0.aux'.

LaTeX Font Info:    Checking defaults for OML/cmm/m/it on input line 42.
LaTeX Font Info:    ... okay on input line 42.
LaTeX Font Info:    Checking defaults for T1/cmr/m/n on input line 42.
LaTeX Font Info:    ... okay on input line 42.
LaTeX Font Info:    Checking defaults for OT1/cmr/m/n on input line 42.
LaTeX Font Info:    ... okay on input line 42.
LaTeX Font Info:    Checking defaults for OMS/cmsy/m/n on input line 42.
LaTeX Font Info:    ... okay on input line 42.
LaTeX Font Info:    Checking defaults for OMX/cmex/m/n on input line 42.
LaTeX Font Info:    ... okay on input line 42.
LaTeX Font Info:    Checking defaults for U/cmr/m/n on input line 42.
LaTeX Font Info:    ... okay on input line 42.
Package caption Info: Begin \AtBeginDocument code.
Package caption Info: End \AtBeginDocument code.

("C:\Users\Landon\AppData\Local\Programs\MiKTeX 2.9\tex/context/base/mkii\supp-
pdf.mkii"
[Loading MPS to PDF converter (version 2006.09.02).]
\scratchcounter=\count122
\scratchdimen=\dimen138
\scratchbox=\box57
\nofMPsegments=\count123
\nofMParguments=\count124
\everyMPshowfont=\toks24
\MPscratchCnt=\count125
\MPscratchDim=\dimen139
\MPnumerator=\count126
\makeMPintoPDFobject=\count127
\everyMPtoPDFconversion=\toks25
)
("C:\Users\Landon\AppData\Local\Programs\MiKTeX 2.9\tex/latex/oberdiek\epstopdf
-base.sty"
Package: epstopdf-base 2016/05/15 v2.6 Base part for package epstopdf

("C:\Users\Landon\AppData\Local\Programs\MiKTeX 2.9\tex/generic/oberdiek\infwar
err.sty"
Package: infwarerr 2016/05/16 v1.4 Providing info/warning/error messages (HO)
)
("C:\Users\Landon\AppData\Local\Programs\MiKTeX 2.9\tex/latex/oberdiek\grfext.s
ty"
Package: grfext 2016/05/16 v1.2 Manage graphics extensions (HO)

("C:\Users\Landon\AppData\Local\Programs\MiKTeX 2.9\tex/generic/oberdiek\kvdefi
nekeys.sty"
Package: kvdefinekeys 2016/05/16 v1.4 Define keys (HO)

("C:\Users\Landon\AppData\Local\Programs\MiKTeX 2.9\tex/generic/oberdiek\ltxcmd
s.sty"
Package: ltxcmds 2016/05/16 v1.23 LaTeX kernel commands for general use (HO)
)))
("C:\Users\Landon\AppData\Local\Programs\MiKTeX 2.9\tex/latex/oberdiek\kvoption
s.sty"
Package: kvoptions 2016/05/16 v3.12 Key value format for package options (HO)

("C:\Users\Landon\AppData\Local\Programs\MiKTeX 2.9\tex/generic/oberdiek\kvsetk
eys.sty"
Package: kvsetkeys 2016/05/16 v1.17 Key value parser (HO)

("C:\Users\Landon\AppData\Local\Programs\MiKTeX 2.9\tex/generic/oberdiek\etexcm
ds.sty"
Package: etexcmds 2016/05/16 v1.6 Avoid name clashes with e-TeX commands (HO)

("C:\Users\Landon\AppData\Local\Programs\MiKTeX 2.9\tex/generic/oberdiek\ifluat
ex.sty"
Package: ifluatex 2016/05/16 v1.4 Provides the ifluatex switch (HO)
Package ifluatex Info: LuaTeX not detected.
))))
("C:\Users\Landon\AppData\Local\Programs\MiKTeX 2.9\tex/latex/pdftexcmds\pdftex
cmds.sty"
Package: pdftexcmds 2019/11/24 v0.31 Utility functions of pdfTeX for LuaTeX (HO
)

("C:\Users\Landon\AppData\Local\Programs\MiKTeX 2.9\tex/generic/iftex\iftex.sty
"
Package: iftex 2019/11/07 v1.0c TeX engine tests
)
Package pdftexcmds Info: \pdf@primitive is available.
Package pdftexcmds Info: \pdf@ifprimitive is available.
Package pdftexcmds Info: \pdfdraftmode found.
)
Package epstopdf-base Info: Redefining graphics rule for `.eps' on input line 4
38.
Package grfext Info: Graphics extension search list:
(grfext)             [.pdf,.png,.jpg,.mps,.jpeg,.jbig2,.jb2,.PDF,.PNG,.JPG,.JPE
G,.JBIG2,.JB2,.eps]
(grfext)             \AppendGraphicsExtensions on input line 456.
)
*geometry* driver: auto-detecting
*geometry* detected driver: pdftex
*geometry* verbose mode - [ preamble ] result:
* driver: pdftex
* paper: letterpaper
* layout: <same size as paper>
* layoutoffset:(h,v)=(0.0pt,0.0pt)
* modes: 
* h-part:(L,W,R)=(71.13188pt, 472.03123pt, 71.13188pt)
* v-part:(T,H,B)=(71.13188pt, 628.44073pt, 95.39737pt)
* \paperwidth=614.295pt
* \paperheight=794.96999pt
* \textwidth=472.03123pt
* \textheight=628.44073pt
* \oddsidemargin=-1.1381pt
* \evensidemargin=-1.1381pt
* \topmargin=-38.1381pt
* \headheight=12.0pt
* \headsep=25.0pt
* \topskip=12.0pt
* \footskip=30.0pt
* \marginparwidth=44.0pt
* \marginparsep=10.0pt
* \columnsep=10.0pt
* \skip\footins=10.8pt plus 4.0pt minus 2.0pt
* \hoffset=0.0pt
* \voffset=0.0pt
* \mag=1000
* \@twocolumnfalse
* \@twosidefalse
* \@mparswitchfalse
* \@reversemarginfalse
* (1in=72.27pt=25.4mm, 1cm=28.453pt)

LaTeX Font Info:    Try loading font information for U+msa on input line 59.
("C:\Users\Landon\AppData\Local\Programs\MiKTeX 2.9\tex/latex/amsfonts\umsa.fd"
File: umsa.fd 2013/01/14 v3.01 AMS symbols A
)
LaTeX Font Info:    Try loading font information for U+msb on input line 59.
 ("C:\Users\Landon\AppData\Local\Programs\MiKTeX 2.9\tex/latex/amsfonts\umsb.fd
"
File: umsb.fd 2013/01/14 v3.01 AMS symbols B
) [1

{C:/Users/Landon/AppData/Local/MiKTeX/2.9/pdftex/config/pdftex.map}]
(Buell-PHYS799-ThesisDraft0.toc)
\tf@toc=\write3
\openout3 = `Buell-PHYS799-ThesisDraft0.toc'.



Package Fancyhdr Warning: \headheight is too small (12.0pt): 
Make it at least 14.49998pt.
We now make it that large for the rest of the document.
This may cause the page layout to be inconsistent, however.

[1] [2] [3] [4] [5] [6] [7] [8]
<../figures/2DConvExample(a).png, id=41, 361.35pt x 216.81pt>
File: ../figures/2DConvExample(a).png Graphic file (type png)
<use ../figures/2DConvExample(a).png>
Package pdftex.def Info: ../figures/2DConvExample(a).png  used on input line 33
1.
(pdftex.def)             Requested size: 216.81168pt x 130.08699pt.

Overfull \hbox (4.39906pt too wide) in paragraph at lines 331--332
[][] 
 []

<../figures/2DConvExample(b).png, id=43, 361.35pt x 216.81pt>
File: ../figures/2DConvExample(b).png Graphic file (type png)
<use ../figures/2DConvExample(b).png>
Package pdftex.def Info: ../figures/2DConvExample(b).png  used on input line 33
5.
(pdftex.def)             Requested size: 216.81168pt x 130.08699pt.

Overfull \hbox (4.39906pt too wide) in paragraph at lines 335--336
[][] 
 []

<../figures/2DConvExample(c).png, id=44, 361.35pt x 216.81pt>
File: ../figures/2DConvExample(c).png Graphic file (type png)
<use ../figures/2DConvExample(c).png>
Package pdftex.def Info: ../figures/2DConvExample(c).png  used on input line 34
0.
(pdftex.def)             Requested size: 216.81168pt x 130.08699pt.
[9]
Overfull \hbox (9.56802pt too wide) in paragraph at lines 357--358
 \OT1/cmr/m/n/12 The con-vo-lu-tion lay-ers al-lows for sev-eral ad-van-tages. 
Among these are (i) \OT1/cmr/m/it/12 sparse-connectivity\OT1/cmr/m/n/12 :
 []


Package caption Warning: \label without proper reference on input line 366.
See the caption package documentation for explanation.


LaTeX Warning: Reference `fig-2DMaxPool' on page 10 undefined on input line 364
.

<../figures/2DConvExample(d).png, id=48, 361.35pt x 216.81pt>
File: ../figures/2DConvExample(d).png Graphic file (type png)
<use ../figures/2DConvExample(d).png>
Package pdftex.def Info: ../figures/2DConvExample(d).png  used on input line 36
8.
(pdftex.def)             Requested size: 216.81168pt x 130.08699pt.
[10 <../figures/2DConvExample(a).png> <../figures/2DConvExample(b).png> <../fig
ures/2DConvExample(c).png>] [11 <../figures/2DConvExample(d).png>]

LaTeX Warning: Reference `sec-Training' on page 12 undefined on input line 419.


<../Figures/RectifiedLinearUnit.png, id=60, 1156.32pt x 722.7pt>
File: ../Figures/RectifiedLinearUnit.png Graphic file (type png)
<use ../Figures/RectifiedLinearUnit.png>
Package pdftex.def Info: ../Figures/RectifiedLinearUnit.png  used on input line
 436.
(pdftex.def)             Requested size: 231.2599pt x 144.53743pt.
[12] [13 <../Figures/RectifiedLinearUnit.png>]

LaTeX Warning: Reference `subsubsec-2DPooling' on page 14 undefined on input li
ne 475.

[14]
<../Figures/CXELoss.png, id=73, 1445.4pt x 578.16pt>
File: ../Figures/CXELoss.png Graphic file (type png)
<use ../Figures/CXELoss.png>
Package pdftex.def Info: ../Figures/CXELoss.png  used on input line 506.
(pdftex.def)             Requested size: 361.34912pt x 144.53964pt.
 [15 <../Figures/CXELoss.png>]

LaTeX Warning: Reference `sec-NetworkStructre' on page 16 undefined on input li
ne 538.

[16] [17] [18]

Package caption Warning: \label without proper reference on input line 648.
See the caption package documentation for explanation.


LaTeX Warning: Reference `fig-NetworkArchitecture' on page 19 undefined on inpu
t line 645.

[19]

pdfTeX warning: pdflatex (file ../Figures/NeuralNetworkArchitecture.pdf): PDF i
nclusion: found PDF version <1.7>, but at most version <1.5> allowed
<../Figures/NeuralNetworkArchitecture.pdf, id=93, 794.97pt x 1228.59pt>
File: ../Figures/NeuralNetworkArchitecture.pdf Graphic file (type pdf)
<use ../Figures/NeuralNetworkArchitecture.pdf>
Package pdftex.def Info: ../Figures/NeuralNetworkArchitecture.pdf  used on inpu
t line 650.
(pdftex.def)             Requested size: 357.7332pt x 552.8604pt.
[20]

Package caption Warning: \label without proper reference on input line 648.
See the caption package documentation for explanation.


LaTeX Warning: Reference `fig-NetworkArchitecture' on page 21 undefined on inpu
t line 659.

[21 <../Figures/NeuralNetworkArchitecture.pdf>]

Package caption Warning: \label without proper reference on input line 648.
See the caption package documentation for explanation.


LaTeX Warning: Reference `fig-NetworkArchitecture' on page 22 undefined on inpu
t line 682.

[22] [23] [24] [25] [26]

LaTeX Warning: `h' float specifier changed to `ht'.

[27]

LaTeX Warning: Citation `Khan' on page 28 undefined on input line 922.

[28] [29] [30]

Package caption Warning: \label without proper reference on input line 988.
See the caption package documentation for explanation.


LaTeX Warning: Reference `fig-spectrograms' on page 31 undefined on input line 
984.

[31]

LaTeX Warning: Citation `Olson' on page 32 undefined on input line 1028.

[32]

LaTeX Warning: Citation `Olson' on page 33 undefined on input line 1060.

[33]
LaTeX Font Info:    Try loading font information for OMS+cmr on input line 1081
.

("C:\Users\Landon\AppData\Local\Programs\MiKTeX 2.9\tex/latex/base\omscmr.fd"
File: omscmr.fd 2014/09/29 v2.5h Standard LaTeX font definitions
)
LaTeX Font Info:    Font shape `OMS/cmr/m/n' in size <12> not available
(Font)              Font shape `OMS/cmsy/m/n' tried instead on input line 1081.


[34] [35] [36] [37] [38]

LaTeX Warning: Citation `Olson' on page 39 undefined on input line 1265.

[39]
Overfull \hbox (2.64665pt too wide) in paragraph at lines 1298--1299
 \OT1/cmr/m/n/12 Per-for-mance eval-u-a-tions are com-monly im-ple-mented in th
e form of $\OML/cmm/m/it/12 K$\OT1/cmr/m/it/12 -Fold Cross-Validation
 []

[40]
Underfull \hbox (badness 10000) in paragraph at lines 1357--1377
[]$[]$ $[]$
 []

[41] [42] [43] [44] [45] [46] [47] [48] [49] (Buell-PHYS799-ThesisDraft0.aux)

LaTeX Warning: There were undefined references.


LaTeX Warning: There were multiply-defined labels.

 ) 
Here is how much of TeX's memory you used:
 5328 strings out of 492895
 81231 string characters out of 3123268
 157352 words of memory out of 3000000
 9151 multiletter control sequences out of 15000+200000
 11056 words of font info for 41 fonts, out of 3000000 for 9000
 1141 hyphenation exceptions out of 8191
 41i,19n,43p,921b,505s stack positions out of 5000i,500n,10000p,200000b,50000s
<C:/Users/Landon/AppData/Local/Programs/MiKTeX 2.9/fonts/type1/public/amsfont
s/cm/cmbx12.pfb><C:/Users/Landon/AppData/Local/Programs/MiKTeX 2.9/fonts/type1/
public/amsfonts/cm/cmex10.pfb><C:/Users/Landon/AppData/Local/Programs/MiKTeX 2.
9/fonts/type1/public/amsfonts/cm/cmmi12.pfb><C:/Users/Landon/AppData/Local/Prog
rams/MiKTeX 2.9/fonts/type1/public/amsfonts/cm/cmmi6.pfb><C:/Users/Landon/AppDa
ta/Local/Programs/MiKTeX 2.9/fonts/type1/public/amsfonts/cm/cmmi8.pfb><C:/Users
/Landon/AppData/Local/Programs/MiKTeX 2.9/fonts/type1/public/amsfonts/cm/cmr10.
pfb><C:/Users/Landon/AppData/Local/Programs/MiKTeX 2.9/fonts/type1/public/amsfo
nts/cm/cmr12.pfb><C:/Users/Landon/AppData/Local/Programs/MiKTeX 2.9/fonts/type1
/public/amsfonts/cm/cmr17.pfb><C:/Users/Landon/AppData/Local/Programs/MiKTeX 2.
9/fonts/type1/public/amsfonts/cm/cmr6.pfb><C:/Users/Landon/AppData/Local/Progra
ms/MiKTeX 2.9/fonts/type1/public/amsfonts/cm/cmr8.pfb><C:/Users/Landon/AppData/
Local/Programs/MiKTeX 2.9/fonts/type1/public/amsfonts/cm/cmsy10.pfb><C:/Users/L
andon/AppData/Local/Programs/MiKTeX 2.9/fonts/type1/public/amsfonts/cm/cmsy6.pf
b><C:/Users/Landon/AppData/Local/Programs/MiKTeX 2.9/fonts/type1/public/amsfont
s/cm/cmsy8.pfb><C:/Users/Landon/AppData/Local/Programs/MiKTeX 2.9/fonts/type1/p
ublic/amsfonts/cm/cmti12.pfb><C:/Users/Landon/AppData/Local/Programs/MiKTeX 2.9
/fonts/type1/public/amsfonts/symbols/msbm10.pfb>
Output written on Buell-PHYS799-ThesisDraft0.pdf (50 pages, 605450 bytes).
PDF statistics:
 283 PDF objects out of 1000 (max. 8388607)
 0 named destinations out of 1000 (max. 500000)
 36 words of extra memory for PDF output out of 10000 (max. 10000000)

